<?xml version="1.0" encoding="UTF-8"?>
<testng-results ignored="0" total="1" passed="1" failed="0" skipped="0">
  <reporter-output>
  </reporter-output>
  <suite started-at="2024-07-05T17:03:20 IST" name="Default suite" finished-at="2024-07-05T17:03:22 IST" duration-ms="1953">
    <groups>
    </groups>
    <test started-at="2024-07-05T17:03:20 IST" name="Default test" finished-at="2024-07-05T17:03:22 IST" duration-ms="1953">
      <class name="com.ApiTesting.JSONSchemaValidator">
        <test-method signature="testget()[pri:0, instance:com.ApiTesting.JSONSchemaValidator@771a660]" started-at="2024-07-05T17:03:20 IST" name="testget" finished-at="2024-07-05T17:03:22 IST" duration-ms="1900" status="PASS">
          <reporter-output>
          </reporter-output>
        </test-method> <!-- testget -->
      </class> <!-- com.ApiTesting.JSONSchemaValidator -->
    </test> <!-- Default test -->
  </suite> <!-- Default suite -->
</testng-results>
